<?xml version="1.0" encoding="UTF-8"?>
<coverage generated="1654180954505" clover="3.2.0">
  <project timestamp="1654180954505" name="All files">
    <metrics statements="20" coveredstatements="20" conditionals="1" coveredconditionals="1" methods="9" coveredmethods="9" elements="30" coveredelements="30" complexity="0" loc="20" ncloc="20" packages="1" files="2" classes="2"/>
    <file name="add.ts" path="/Users/yanghaechan/vscode_workspace/test-with-jest/src/add.ts">
      <metrics statements="2" coveredstatements="2" conditionals="0" coveredconditionals="0" methods="1" coveredmethods="1"/>
      <line num="1" count="1" type="stmt"/>
      <line num="2" count="2" type="stmt"/>
    </file>
    <file name="calculator.ts" path="/Users/yanghaechan/vscode_workspace/test-with-jest/src/calculator.ts">
      <metrics statements="18" coveredstatements="18" conditionals="1" coveredconditionals="1" methods="8" coveredmethods="8"/>
      <line num="1" count="1" type="stmt"/>
      <line num="4" count="11" type="stmt"/>
      <line num="7" count="1" type="stmt"/>
      <line num="8" count="3" type="stmt"/>
      <line num="11" count="1" type="stmt"/>
      <line num="12" count="1" type="stmt"/>
      <line num="15" count="1" type="stmt"/>
      <line num="16" count="7" type="stmt"/>
      <line num="17" count="7" type="cond" truecount="1" falsecount="0"/>
      <line num="18" count="1" type="stmt"/>
      <line num="20" count="6" type="stmt"/>
      <line num="23" count="1" type="stmt"/>
      <line num="24" count="1" type="stmt"/>
      <line num="27" count="1" type="stmt"/>
      <line num="28" count="1" type="stmt"/>
      <line num="31" count="1" type="stmt"/>
      <line num="32" count="4" type="stmt"/>
      <line num="34" count="1" type="stmt"/>
    </file>
  </project>
</coverage>
