{"/Users/yanghaechan/vscode_workspace/test-with-jest/src/add.ts": {"path":"/Users/yanghaechan/vscode_workspace/test-with-jest/src/add.ts","statementMap":{"0":{"start":{"line":2,"column":4},"end":{"line":2,"column":17}},"1":{"start":{"line":1,"column":0},"end":{"line":1,"column":16}}},"fnMap":{"0":{"name":"add","decl":{"start":{"line":1,"column":16},"end":{"line":1,"column":19}},"loc":{"start":{"line":1,"column":40},"end":{"line":3,"column":1}}}},"branchMap":{},"s":{"0":2,"1":1},"f":{"0":2},"b":{}}
,"/Users/yanghaechan/vscode_workspace/test-with-jest/src/calculator.ts": {"path":"/Users/yanghaechan/vscode_workspace/test-with-jest/src/calculator.ts","statementMap":{"0":{"start":{"line":1,"column":0},"end":{"line":1,"column":13}},"1":{"start":{"line":4,"column":8},"end":{"line":4,"column":23}},"2":{"start":{"line":7,"column":4},"end":{"line":9,"column":null}},"3":{"start":{"line":8,"column":8},"end":{"line":8,"column":25}},"4":{"start":{"line":11,"column":4},"end":{"line":13,"column":null}},"5":{"start":{"line":12,"column":8},"end":{"line":12,"column":23}},"6":{"start":{"line":15,"column":4},"end":{"line":21,"column":null}},"7":{"start":{"line":16,"column":20},"end":{"line":16,"column":36}},"8":{"start":{"line":17,"column":8},"end":{"line":19,"column":null}},"9":{"start":{"line":18,"column":12},"end":{"line":18,"column":65}},"10":{"start":{"line":20,"column":8},"end":{"line":20,"column":25}},"11":{"start":{"line":23,"column":4},"end":{"line":25,"column":null}},"12":{"start":{"line":24,"column":8},"end":{"line":24,"column":38}},"13":{"start":{"line":27,"column":4},"end":{"line":29,"column":null}},"14":{"start":{"line":28,"column":8},"end":{"line":28,"column":38}},"15":{"start":{"line":31,"column":4},"end":{"line":33,"column":null}},"16":{"start":{"line":32,"column":8},"end":{"line":32,"column":38}},"17":{"start":{"line":34,"column":0},"end":{"line":34,"column":null}},"18":{"start":{"line":1,"column":13},"end":{"line":1,"column":23}}},"fnMap":{"0":{"name":"(anonymous_0)","decl":{"start":{"line":1,"column":0},"end":{"line":1,"column":13}},"loc":{"start":{"line":1,"column":0},"end":{"line":34,"column":null}}},"1":{"name":"Calculator","decl":{"start":{"line":3,"column":4},"end":{"line":3,"column":null}},"loc":{"start":{"line":3,"column":4},"end":{"line":5,"column":5}}},"2":{"name":"(anonymous_2)","decl":{"start":{"line":7,"column":4},"end":{"line":7,"column":7}},"loc":{"start":{"line":7,"column":19},"end":{"line":9,"column":5}}},"3":{"name":"(anonymous_3)","decl":{"start":{"line":11,"column":4},"end":{"line":11,"column":9}},"loc":{"start":{"line":11,"column":4},"end":{"line":13,"column":5}}},"4":{"name":"(anonymous_4)","decl":{"start":{"line":15,"column":4},"end":{"line":15,"column":7}},"loc":{"start":{"line":15,"column":19},"end":{"line":21,"column":5}}},"5":{"name":"(anonymous_5)","decl":{"start":{"line":23,"column":4},"end":{"line":23,"column":12}},"loc":{"start":{"line":23,"column":24},"end":{"line":25,"column":5}}},"6":{"name":"(anonymous_6)","decl":{"start":{"line":27,"column":4},"end":{"line":27,"column":12}},"loc":{"start":{"line":27,"column":24},"end":{"line":29,"column":5}}},"7":{"name":"(anonymous_7)","decl":{"start":{"line":31,"column":4},"end":{"line":31,"column":10}},"loc":{"start":{"line":31,"column":22},"end":{"line":33,"column":5}}}},"branchMap":{"0":{"loc":{"start":{"line":17,"column":8},"end":{"line":19,"column":null}},"type":"if","locations":[{"start":{"line":17,"column":8},"end":{"line":19,"column":null}}]}},"s":{"0":1,"1":11,"2":1,"3":3,"4":1,"5":1,"6":1,"7":7,"8":7,"9":1,"10":6,"11":1,"12":1,"13":1,"14":1,"15":1,"16":4,"17":1,"18":1},"f":{"0":1,"1":11,"2":3,"3":1,"4":7,"5":1,"6":1,"7":4},"b":{"0":[1]}}
}
