TN:
SF:src/add.ts
FN:1,add
FNF:1
FNH:1
FNDA:2,add
DA:1,1
DA:2,2
LF:2
LH:2
BRF:0
BRH:0
end_of_record
TN:
SF:src/calculator.ts
FN:1,(anonymous_0)
FN:3,Calculator
FN:7,(anonymous_2)
FN:11,(anonymous_3)
FN:15,(anonymous_4)
FN:23,(anonymous_5)
FN:27,(anonymous_6)
FN:31,(anonymous_7)
FNF:8
FNH:8
FNDA:1,(anonymous_0)
FNDA:11,Calculator
FNDA:3,(anonymous_2)
FNDA:1,(anonymous_3)
FNDA:7,(anonymous_4)
FNDA:1,(anonymous_5)
FNDA:1,(anonymous_6)
FNDA:4,(anonymous_7)
DA:1,1
DA:4,11
DA:7,1
DA:8,3
DA:11,1
DA:12,1
DA:15,1
DA:16,7
DA:17,7
DA:18,1
DA:20,6
DA:23,1
DA:24,1
DA:27,1
DA:28,1
DA:31,1
DA:32,4
DA:34,1
LF:18
LH:18
BRDA:17,0,0,1
BRF:1
BRH:1
end_of_record
